Initializing document watcher...
Detected change in configuration: {}
bai3-angular/src/app/components/menu/menu.component.html: {"insertSpaces":true,"tabSize":2}
bai3-angular/src/app/components/header/header.component.html: {"insertSpaces":true,"tabSize":2}
bai3-angular/src/app/components/header/header.component.html: Using EditorConfig core...
src/app/components/header/header.component.html: editor.action.trimTrailingWhitespace
src/app/components/header/header.component.html: insertFinalNewline(LF)
bai3-angular/src/app/components/header/header.component.html: Using EditorConfig core...
src/app/components/header/header.component.html: editor.action.trimTrailingWhitespace
bai3-angular/src/app/components/header/header.component.html: Using EditorConfig core...
src/app/components/header/header.component.html: editor.action.trimTrailingWhitespace
bai3-angular/src/app/components/header/header.component.html: Using EditorConfig core...
src/app/components/header/header.component.html: editor.action.trimTrailingWhitespace
bai3-angular/src/app/components/header/header.component.html: Using EditorConfig core...
src/app/components/header/header.component.html: editor.action.trimTrailingWhitespace
bai3-angular/src/app/components/menu/menu.component.html: {"insertSpaces":true,"tabSize":2}
bai3-angular/src/app/components/header/header.component.html: {"insertSpaces":true,"tabSize":2}
bai3-angular/src/app/components/menu/menu.component.html: {"insertSpaces":true,"tabSize":2}
bai3-angular/src/app/components/menu/menu.component.html: Using EditorConfig core...
src/app/components/menu/menu.component.html: editor.action.trimTrailingWhitespace
bai3-angular/src/app/components/menu/menu.component.html: Using EditorConfig core...
src/app/components/menu/menu.component.html: editor.action.trimTrailingWhitespace
bai3-angular/src/app/components/menu/menu.component.html: Using EditorConfig core...
src/app/components/menu/menu.component.html: editor.action.trimTrailingWhitespace
bai3-angular/src/app/components/header/header.component.html: {"insertSpaces":true,"tabSize":2}
bai3-angular/src/app/components/header/header.component.html: Using EditorConfig core...
src/app/components/header/header.component.html: editor.action.trimTrailingWhitespace
bai3-angular/src/app/components/header/header.component.html: {"insertSpaces":true,"tabSize":2}
bai3-angular/src/app/components/header/header.component.ts: {"insertSpaces":true,"tabSize":2}
bai3-angular/src/app/components/header/header.component.ts: Using EditorConfig core...
src/app/components/header/header.component.ts: editor.action.trimTrailingWhitespace
bai3-angular/src/app/components/header/header.component.ts: Using EditorConfig core...
src/app/components/header/header.component.ts: editor.action.trimTrailingWhitespace
bai3-angular/src/app/components/header/header.component.ts: Using EditorConfig core...
src/app/components/header/header.component.ts: editor.action.trimTrailingWhitespace
bai3-angular/src/app/components/header/header.component.ts: Using EditorConfig core...
src/app/components/header/header.component.ts: editor.action.trimTrailingWhitespace
bai3-angular/src/app/components/header/header.component.ts: Using EditorConfig core...
src/app/components/header/header.component.ts: editor.action.trimTrailingWhitespace
bai3-angular/src/app/components/header/header.component.html: {"insertSpaces":true,"tabSize":2}
bai3-angular/src/app/components/header/header.component.html: Using EditorConfig core...
src/app/components/header/header.component.html: editor.action.trimTrailingWhitespace
bai3-angular/src/app/components/header/header.component.html: Using EditorConfig core...
src/app/components/header/header.component.html: editor.action.trimTrailingWhitespace
bai3-angular/src/app/components/header/header.component.html: Using EditorConfig core...
src/app/components/header/header.component.html: editor.action.trimTrailingWhitespace
bai3-angular/src/app/components/header/header.component.html: Using EditorConfig core...
src/app/components/header/header.component.html: editor.action.trimTrailingWhitespace
bai3-angular/src/app/components/header/header.component.html: {"insertSpaces":true,"tabSize":2}
bai3-angular/src/app/components/header/header.component.html: Using EditorConfig core...
src/app/components/header/header.component.html: editor.action.trimTrailingWhitespace
bai3-angular/src/app/components/header/header.component.ts: {"insertSpaces":true,"tabSize":2}
bai3-angular/src/app/components/header/header.component.ts: Using EditorConfig core...
src/app/components/header/header.component.ts: editor.action.trimTrailingWhitespace
bai3-angular/src/app/components/header/header.component.ts: Using EditorConfig core...
src/app/components/header/header.component.ts: editor.action.trimTrailingWhitespace
bai3-angular/src/app/components/header/header.component.ts: Using EditorConfig core...
src/app/components/header/header.component.ts: editor.action.trimTrailingWhitespace
bai3-angular/src/app/components/header/header.component.ts: Using EditorConfig core...
src/app/components/header/header.component.ts: editor.action.trimTrailingWhitespace
bai3-angular/src/app/components/header/header.component.ts: {"insertSpaces":true,"tabSize":2}
bai3-angular/src/app/components/header/header.component.html: {"insertSpaces":true,"tabSize":2}
bai3-angular/src/app/components/header/header.component.html: Using EditorConfig core...
src/app/components/header/header.component.html: editor.action.trimTrailingWhitespace
bai3-angular/src/app/components/header/header.component.html: Using EditorConfig core...
src/app/components/header/header.component.html: editor.action.trimTrailingWhitespace
bai3-angular/src/app/components/header/header.component.html: Using EditorConfig core...
src/app/components/header/header.component.html: editor.action.trimTrailingWhitespace
bai3-angular/src/app/components/header/header.component.html: Using EditorConfig core...
src/app/components/header/header.component.html: editor.action.trimTrailingWhitespace
bai3-angular/src/app/components/header/header.component.html: Using EditorConfig core...
src/app/components/header/header.component.html: editor.action.trimTrailingWhitespace
bai3-angular/src/app/components/header/header.component.html: {"insertSpaces":true,"tabSize":2}
bai3-angular/src/app/components/header/header.component.ts: {"insertSpaces":true,"tabSize":2}
bai3-angular/src/app/components/menu/menu.component.html: {"insertSpaces":true,"tabSize":2}
bai3-angular/src/app/components/menu/menu.component.html: Using EditorConfig core...
src/app/components/menu/menu.component.html: editor.action.trimTrailingWhitespace
bai3-angular/src/app/components/menu/menu.component.html: Using EditorConfig core...
src/app/components/menu/menu.component.html: editor.action.trimTrailingWhitespace
bai3-angular/src/app/components/menu/menu.component.html: Using EditorConfig core...
src/app/components/menu/menu.component.html: editor.action.trimTrailingWhitespace
bai3-angular/src/app/components/menu/menu.component.html: Using EditorConfig core...
src/app/components/menu/menu.component.html: editor.action.trimTrailingWhitespace
bai3-angular/src/app/components/menu/menu.component.html: {"insertSpaces":true,"tabSize":2}
bai3-angular/src/app/components/menu/menu.component.html: Using EditorConfig core...
src/app/components/menu/menu.component.html: editor.action.trimTrailingWhitespace
bai3-angular/src/app/components/menu/menu.component.html: Using EditorConfig core...
src/app/components/menu/menu.component.html: editor.action.trimTrailingWhitespace
bai3-angular/src/app/components/menu/menu.component.html: Using EditorConfig core...
src/app/components/menu/menu.component.html: editor.action.trimTrailingWhitespace
bai3-angular/src/app/components/menu/menu.component.html: Using EditorConfig core...
src/app/components/menu/menu.component.html: editor.action.trimTrailingWhitespace
bai3-angular/src/app/components/menu/menu.component.html: {"insertSpaces":true,"tabSize":2}
bai3-angular/src/app/components/menu/menu.component.html: {"insertSpaces":true,"tabSize":2}
bai3-angular/src/app/components/menu/menu.component.html: Using EditorConfig core...
src/app/components/menu/menu.component.html: editor.action.trimTrailingWhitespace
bai3-angular/src/app/components/menu/menu.component.html: {"insertSpaces":true,"tabSize":2}
bai3-angular/src/app/app.module.ts: {"insertSpaces":true,"tabSize":2}
bai3-angular/src/app/app.module.ts: Using EditorConfig core...
src/app/app.module.ts: editor.action.trimTrailingWhitespace
bai3-angular/src/app/app.module.ts: Using EditorConfig core...
src/app/app.module.ts: editor.action.trimTrailingWhitespace
bai3-angular/src/app/app.module.ts: Using EditorConfig core...
src/app/app.module.ts: editor.action.trimTrailingWhitespace
bai3-angular/src/app/app.module.ts: Using EditorConfig core...
src/app/app.module.ts: editor.action.trimTrailingWhitespace
bai3-angular/src/app/app.module.ts: Using EditorConfig core...
src/app/app.module.ts: editor.action.trimTrailingWhitespace
bai3-angular/src/app/app.module.ts: Using EditorConfig core...
src/app/app.module.ts: editor.action.trimTrailingWhitespace
bai3-angular/src/app/app.module.ts: Using EditorConfig core...
src/app/app.module.ts: editor.action.trimTrailingWhitespace
bai3-angular/src/app/app.module.ts: Using EditorConfig core...
src/app/app.module.ts: editor.action.trimTrailingWhitespace
bai3-angular/src/app/app.module.ts: Using EditorConfig core...
src/app/app.module.ts: editor.action.trimTrailingWhitespace
bai3-angular/src/app/app.module.ts: {"insertSpaces":true,"tabSize":2}
bai3-angular/src/app/app.module.ts: {"insertSpaces":true,"tabSize":2}
bai3-angular/src/app/app.module.ts: Using EditorConfig core...
src/app/app.module.ts: editor.action.trimTrailingWhitespace
bai3-angular/src/app/app.module.ts: Using EditorConfig core...
src/app/app.module.ts: editor.action.trimTrailingWhitespace
bai3-angular/src/app/app.module.ts: Using EditorConfig core...
src/app/app.module.ts: editor.action.trimTrailingWhitespace
bai3-angular/src/app/app.module.ts: {"insertSpaces":true,"tabSize":2}
bai3-angular/src/app/app.module.ts: {"insertSpaces":true,"tabSize":2}
bai3-angular/src/app/components/menu/menu.component.html: {"insertSpaces":true,"tabSize":2}
bai3-angular/src/app/components/menu/menu.component.html: Using EditorConfig core...
src/app/components/menu/menu.component.html: editor.action.trimTrailingWhitespace
bai3-angular/src/app/components/menu/menu.component.html: Using EditorConfig core...
src/app/components/menu/menu.component.html: editor.action.trimTrailingWhitespace
bai3-angular/src/app/components/menu/menu.component.html: Using EditorConfig core...
src/app/components/menu/menu.component.html: editor.action.trimTrailingWhitespace
bai3-angular/src/app/components/menu/menu.component.html: {"insertSpaces":true,"tabSize":2}
bai3-angular/src/app/components/menu/menu.component.html: {"insertSpaces":true,"tabSize":2}
bai3-angular/src/app/app.module.ts: {"insertSpaces":true,"tabSize":2}
bai3-angular/src/app/app.module.ts: Using EditorConfig core...
src/app/app.module.ts: editor.action.trimTrailingWhitespace
bai3-angular/src/app/app.module.ts: Using EditorConfig core...
src/app/app.module.ts: editor.action.trimTrailingWhitespace
bai3-angular/src/app/app.module.ts: Using EditorConfig core...
src/app/app.module.ts: editor.action.trimTrailingWhitespace
bai3-angular/src/app/app.module.ts: Using EditorConfig core...
src/app/app.module.ts: editor.action.trimTrailingWhitespace
bai3-angular/src/app/app.module.ts: Using EditorConfig core...
src/app/app.module.ts: editor.action.trimTrailingWhitespace
bai3-angular/src/app/app.module.ts: {"insertSpaces":true,"tabSize":2}
bai3-angular/src/app/app.module.ts: {"insertSpaces":true,"tabSize":2}
bai3-angular/src/app/app.module.ts: Using EditorConfig core...
src/app/app.module.ts: editor.action.trimTrailingWhitespace
bai3-angular/src/app/app.module.ts: Using EditorConfig core...
src/app/app.module.ts: editor.action.trimTrailingWhitespace
bai3-angular/src/app/app.module.ts: Using EditorConfig core...
src/app/app.module.ts: editor.action.trimTrailingWhitespace
bai3-angular/src/app/app.module.ts: Using EditorConfig core...
src/app/app.module.ts: editor.action.trimTrailingWhitespace
bai3-angular/src/app/app.module.ts: Using EditorConfig core...
src/app/app.module.ts: editor.action.trimTrailingWhitespace
bai3-angular/src/app/app.module.ts: {"insertSpaces":true,"tabSize":2}
bai3-angular/src/app/app.module.ts: Using EditorConfig core...
src/app/app.module.ts: editor.action.trimTrailingWhitespace
bai3-angular/src/app/app.module.ts: Using EditorConfig core...
src/app/app.module.ts: editor.action.trimTrailingWhitespace
bai3-angular/src/app/app.module.ts: Using EditorConfig core...
src/app/app.module.ts: editor.action.trimTrailingWhitespace
bai3-angular/src/app/app.module.ts: {"insertSpaces":true,"tabSize":2}
bai3-angular/src/app/components/header/header.component.html: {"insertSpaces":true,"tabSize":2}
bai3-angular/src/app/components/header/header.component.html: Using EditorConfig core...
src/app/components/header/header.component.html: editor.action.trimTrailingWhitespace
bai3-angular/src/app/components/header/header.component.html: Using EditorConfig core...
src/app/components/header/header.component.html: editor.action.trimTrailingWhitespace
bai3-angular/src/app/components/header/header.component.html: Using EditorConfig core...
src/app/components/header/header.component.html: editor.action.trimTrailingWhitespace
bai3-angular/src/app/components/header/header.component.html: Using EditorConfig core...
src/app/components/header/header.component.html: editor.action.trimTrailingWhitespace
bai3-angular/src/app/components/header/header.component.html: Using EditorConfig core...
src/app/components/header/header.component.html: editor.action.trimTrailingWhitespace
bai3-angular/src/app/components/header/header.component.html: {"insertSpaces":true,"tabSize":2}
bai3-angular/src/app/components/header/header.component.html: Using EditorConfig core...
src/app/components/header/header.component.html: editor.action.trimTrailingWhitespace
bai3-angular/src/app/components/header/header.component.html: Using EditorConfig core...
src/app/components/header/header.component.html: editor.action.trimTrailingWhitespace
bai3-angular/src/app/components/header/header.component.html: Using EditorConfig core...
src/app/components/header/header.component.html: editor.action.trimTrailingWhitespace
bai3-angular/src/app/components/header/header.component.html: Using EditorConfig core...
src/app/components/header/header.component.html: editor.action.trimTrailingWhitespace
bai3-angular/src/app/components/header/header.component.html: {"insertSpaces":true,"tabSize":2}
bai3-angular/src/app/components/header/header.component.html: Using EditorConfig core...
src/app/components/header/header.component.html: editor.action.trimTrailingWhitespace
bai3-angular/src/app/components/header/header.component.html: Using EditorConfig core...
src/app/components/header/header.component.html: editor.action.trimTrailingWhitespace
bai3-angular/src/app/components/header/header.component.html: Using EditorConfig core...
src/app/components/header/header.component.html: editor.action.trimTrailingWhitespace
bai3-angular/src/app/components/header/header.component.html: Using EditorConfig core...
src/app/components/header/header.component.html: editor.action.trimTrailingWhitespace
bai3-angular/src/app/components/header/header.component.html: {"insertSpaces":true,"tabSize":2}
bai3-angular/src/app/components/header/header.component.html: {"insertSpaces":true,"tabSize":2}
bai3-angular/src/app/components/header/header.component.html: Using EditorConfig core...
src/app/components/header/header.component.html: editor.action.trimTrailingWhitespace
bai3-angular/src/app/components/header/header.component.html: Using EditorConfig core...
src/app/components/header/header.component.html: editor.action.trimTrailingWhitespace
bai3-angular/src/app/components/header/header.component.html: Using EditorConfig core...
src/app/components/header/header.component.html: editor.action.trimTrailingWhitespace
bai3-angular/src/app/components/header/header.component.html: Using EditorConfig core...
src/app/components/header/header.component.html: editor.action.trimTrailingWhitespace
bai3-angular/src/app/components/header/header.component.html: Using EditorConfig core...
src/app/components/header/header.component.html: editor.action.trimTrailingWhitespace
bai3-angular/src/app/components/header/header.component.html: Using EditorConfig core...
src/app/components/header/header.component.html: editor.action.trimTrailingWhitespace
bai3-angular/src/app/components/header/header.component.html: Using EditorConfig core...
src/app/components/header/header.component.html: editor.action.trimTrailingWhitespace
bai3-angular/src/app/components/header/header.component.html: Using EditorConfig core...
src/app/components/header/header.component.html: editor.action.trimTrailingWhitespace
bai3-angular/src/app/components/header/header.component.html: {"insertSpaces":true,"tabSize":2}
bai3-angular/src/app/components/header/header.component.html: Using EditorConfig core...
src/app/components/header/header.component.html: editor.action.trimTrailingWhitespace
bai3-angular/src/app/components/header/header.component.html: Using EditorConfig core...
src/app/components/header/header.component.html: editor.action.trimTrailingWhitespace
bai3-angular/src/app/components/header/header.component.html: Using EditorConfig core...
src/app/components/header/header.component.html: editor.action.trimTrailingWhitespace
bai3-angular/src/app/components/header/header.component.html: {"insertSpaces":true,"tabSize":2}
bai3-angular/src/app/components/header/header.component.html: Using EditorConfig core...
src/app/components/header/header.component.html: editor.action.trimTrailingWhitespace
bai3-angular/src/app/components/header/header.component.html: {"insertSpaces":true,"tabSize":2}
bai3-angular/src/app/app.component.html: {"insertSpaces":true,"tabSize":2}
bai3-angular/src/app/components/menu/menu.component.html: {"insertSpaces":true,"tabSize":2}
bai3-angular/src/app/components/menu/menu.component.html: Using EditorConfig core...
src/app/components/menu/menu.component.html: editor.action.trimTrailingWhitespace
bai3-angular/src/app/components/menu/menu.component.html: Using EditorConfig core...
src/app/components/menu/menu.component.html: editor.action.trimTrailingWhitespace
bai3-angular/src/app/components/menu/menu.component.html: Using EditorConfig core...
src/app/components/menu/menu.component.html: editor.action.trimTrailingWhitespace
bai3-angular/src/app/components/menu/menu.component.html: {"insertSpaces":true,"tabSize":2}
bai3-angular/src/app/components/menu/menu.component.html: Using EditorConfig core...
src/app/components/menu/menu.component.html: editor.action.trimTrailingWhitespace
bai3-angular/src/app/components/menu/menu.component.html: Using EditorConfig core...
src/app/components/menu/menu.component.html: editor.action.trimTrailingWhitespace
bai3-angular/src/app/components/menu/menu.component.html: Using EditorConfig core...
src/app/components/menu/menu.component.html: editor.action.trimTrailingWhitespace
bai3-angular/src/app/components/menu/menu.component.html: Using EditorConfig core...
src/app/components/menu/menu.component.html: editor.action.trimTrailingWhitespace
bai3-angular/src/app/components/menu/menu.component.html: {"insertSpaces":true,"tabSize":2}
bai3-angular/src/app/components/menu/menu.component.html: Using EditorConfig core...
src/app/components/menu/menu.component.html: editor.action.trimTrailingWhitespace
bai3-angular/src/app/components/menu/menu.component.html: Using EditorConfig core...
src/app/components/menu/menu.component.html: editor.action.trimTrailingWhitespace
bai3-angular/src/app/components/menu/menu.component.html: Using EditorConfig core...
src/app/components/menu/menu.component.html: editor.action.trimTrailingWhitespace
bai3-angular/src/app/components/menu/menu.component.html: Using EditorConfig core...
src/app/components/menu/menu.component.html: editor.action.trimTrailingWhitespace
bai3-angular/src/app/components/menu/menu.component.html: Using EditorConfig core...
src/app/components/menu/menu.component.html: editor.action.trimTrailingWhitespace
bai3-angular/src/app/components/menu/menu.component.html: Using EditorConfig core...
src/app/components/menu/menu.component.html: editor.action.trimTrailingWhitespace
bai3-angular/src/app/components/menu/menu.component.html: {"insertSpaces":true,"tabSize":2}
bai3-angular/src/app/components/menu/menu.component.html: {"insertSpaces":true,"tabSize":2}
bai3-angular/src/app/components/menu/menu.component.html: Using EditorConfig core...
src/app/components/menu/menu.component.html: editor.action.trimTrailingWhitespace
bai3-angular/src/app/components/menu/menu.component.html: Using EditorConfig core...
src/app/components/menu/menu.component.html: editor.action.trimTrailingWhitespace
bai3-angular/src/app/components/menu/menu.component.html: Using EditorConfig core...
src/app/components/menu/menu.component.html: editor.action.trimTrailingWhitespace
bai3-angular/src/app/components/menu/menu.component.html: Using EditorConfig core...
src/app/components/menu/menu.component.html: editor.action.trimTrailingWhitespace
bai3-angular/src/app/components/menu/menu.component.html: Using EditorConfig core...
src/app/components/menu/menu.component.html: editor.action.trimTrailingWhitespace
bai3-angular/src/app/components/menu/menu.component.html: Using EditorConfig core...
src/app/components/menu/menu.component.html: editor.action.trimTrailingWhitespace
bai3-angular/src/app/components/menu/menu.component.html: Using EditorConfig core...
src/app/components/menu/menu.component.html: editor.action.trimTrailingWhitespace
bai3-angular/src/app/components/menu/menu.component.html: {"insertSpaces":true,"tabSize":2}
bai3-angular/src/app/components/menu/menu.component.ts: {"insertSpaces":true,"tabSize":2}
bai3-angular/src/app/components/menu/menu.component.html: {"insertSpaces":true,"tabSize":2}
bai3-angular/src/app/components/menu/menu.component.ts: {"insertSpaces":true,"tabSize":2}
bai3-angular/src/app/components/menu/menu.component.ts: Using EditorConfig core...
src/app/components/menu/menu.component.ts: editor.action.trimTrailingWhitespace
bai3-angular/src/app/components/menu/menu.component.ts: {"insertSpaces":true,"tabSize":2}
bai3-angular/src/app/components/menu/menu.component.ts: {"insertSpaces":true,"tabSize":2}
bai3-angular/src/app/components/menu/menu.component.ts: Using EditorConfig core...
src/app/components/menu/menu.component.ts: editor.action.trimTrailingWhitespace
bai3-angular/src/app/components/menu/menu.component.ts: Using EditorConfig core...
src/app/components/menu/menu.component.ts: editor.action.trimTrailingWhitespace
bai3-angular/src/app/components/menu/menu.component.ts: Using EditorConfig core...
src/app/components/menu/menu.component.ts: editor.action.trimTrailingWhitespace
bai3-angular/src/app/components/menu/menu.component.ts: {"insertSpaces":true,"tabSize":2}
bai3-angular/src/app/components/menu/menu.component.ts: Using EditorConfig core...
src/app/components/menu/menu.component.ts: editor.action.trimTrailingWhitespace
bai3-angular/src/app/components/menu/menu.component.ts: Using EditorConfig core...
src/app/components/menu/menu.component.ts: editor.action.trimTrailingWhitespace
bai3-angular/src/app/components/menu/menu.component.ts: Using EditorConfig core...
src/app/components/menu/menu.component.ts: editor.action.trimTrailingWhitespace
bai3-angular/src/app/components/menu/menu.component.ts: Using EditorConfig core...
src/app/components/menu/menu.component.ts: editor.action.trimTrailingWhitespace
